<?xml version="1.0" encoding="UTF-8"?>
<testsuite name="com.traknio.watch.WorkoutOngoingStateTest" tests="11" skipped="0" failures="0" errors="0" timestamp="2026-09-09T13:50:04.753Z" hostname="ERWAN-NITRO" time="0.044">
  <properties/>
  <testcase name="remote exercise change never reuses the old exercise name or set count" classname="com.traknio.watch.WorkoutOngoingStateTest" time="0.039"/>
  <testcase name="stale and other session messages cannot affect current notification" classname="com.traknio.watch.WorkoutOngoingStateTest" time="0.0"/>
  <testcase name="finish and cancellation remove the ongoing state" classname="com.traknio.watch.WorkoutOngoingStateTest" time="0.0"/>
  <testcase name="set progress updates without a new session" classname="com.traknio.watch.WorkoutOngoingStateTest" time="0.001"/>
  <testcase name="only actual sessions and awaiting completion remain ongoing" classname="com.traknio.watch.WorkoutOngoingStateTest" time="0.0"/>
  <testcase name="rest and paused rest remain ongoing with relevant statuses" classname="com.traknio.watch.WorkoutOngoingStateTest" time="0.0"/>
  <testcase name="optimistic finish hides the indication immediately" classname="com.traknio.watch.WorkoutOngoingStateTest" time="0.0"/>
  <testcase name="ready to complete preserves indication until explicit finish" classname="com.traknio.watch.WorkoutOngoingStateTest" time="0.0"/>
  <testcase name="late optimistic activity cannot resurrect completed session" classname="com.traknio.watch.WorkoutOngoingStateTest" time="0.001"/>
  <testcase name="equal revision active message cannot resurrect confirmed finish" classname="com.traknio.watch.WorkoutOngoingStateTest" time="0.001"/>
  <testcase name="authoritative rollback can restore a failed optimistic finish" classname="com.traknio.watch.WorkoutOngoingStateTest" time="0.0"/>
  <system-out><![CDATA[]]></system-out>
  <system-err><![CDATA[]]></system-err>
</testsuite>
