<?xml version="1.0" encoding="UTF-8"?>
<testsuite name="com.traknio.watch.ExerciseHealthSnapshotTest" tests="2" skipped="0" failures="0" errors="0" timestamp="2026-09-09T13:50:04.605Z" hostname="ERWAN-NITRO" time="0.004">
  <properties/>
  <testcase name="average is calculated only from valid collected samples" classname="com.traknio.watch.ExerciseHealthSnapshotTest" time="0.004"/>
  <testcase name="absence of samples keeps average absent" classname="com.traknio.watch.ExerciseHealthSnapshotTest" time="0.0"/>
  <system-out><![CDATA[]]></system-out>
  <system-err><![CDATA[]]></system-err>
</testsuite>
